{"C:\\Users\\user\\Desktop\\Testing\\Source Code\\Frontend\\my-project\\src\\components\\AppHeader.vue": {"path":"C:\\Users\\user\\Desktop\\Testing\\Source Code\\Frontend\\my-project\\src\\components\\AppHeader.vue","statementMap":{"0":{"start":{"line":11,"column":0},"end":{"line":11,"column":null}}},"fnMap":{"0":{"name":"(anonymous_1)","decl":{"start":{"line":10,"column":0},"end":{"line":10,"column":null}},"loc":{"start":{"line":10,"column":0},"end":{"line":14,"column":null}}}},"branchMap":{},"s":{"0":2},"f":{"0":2},"b":{}}
,"C:\\Users\\user\\Desktop\\Testing\\Source Code\\Frontend\\my-project\\src\\components\\Signup.vue": {"path":"C:\\Users\\user\\Desktop\\Testing\\Source Code\\Frontend\\my-project\\src\\components\\Signup.vue","statementMap":{"0":{"start":{"line":51,"column":0},"end":{"line":51,"column":null}},"1":{"start":{"line":52,"column":0},"end":{"line":52,"column":null}},"2":{"start":{"line":60,"column":0},"end":{"line":60,"column":null}},"3":{"start":{"line":74,"column":0},"end":{"line":74,"column":null}},"4":{"start":{"line":78,"column":0},"end":{"line":78,"column":null}},"5":{"start":{"line":83,"column":0},"end":{"line":83,"column":null}},"6":{"start":{"line":84,"column":0},"end":{"line":84,"column":null}},"7":{"start":{"line":87,"column":0},"end":{"line":87,"column":null}},"8":{"start":{"line":88,"column":0},"end":{"line":88,"column":null}},"9":{"start":{"line":91,"column":0},"end":{"line":91,"column":null}},"10":{"start":{"line":92,"column":0},"end":{"line":92,"column":null}},"11":{"start":{"line":93,"column":0},"end":{"line":93,"column":null}},"12":{"start":{"line":94,"column":0},"end":{"line":94,"column":null}},"13":{"start":{"line":95,"column":0},"end":{"line":95,"column":null}},"14":{"start":{"line":96,"column":0},"end":{"line":96,"column":null}},"15":{"start":{"line":97,"column":0},"end":{"line":97,"column":null}},"16":{"start":{"line":100,"column":0},"end":{"line":138,"column":null}},"17":{"start":{"line":101,"column":0},"end":{"line":101,"column":null}},"18":{"start":{"line":102,"column":0},"end":{"line":138,"column":null}},"19":{"start":{"line":103,"column":0},"end":{"line":135,"column":null}},"20":{"start":{"line":112,"column":0},"end":{"line":117,"column":null}},"21":{"start":{"line":113,"column":0},"end":{"line":113,"column":null}},"22":{"start":{"line":114,"column":0},"end":{"line":114,"column":null}},"23":{"start":{"line":116,"column":0},"end":{"line":116,"column":null}},"24":{"start":{"line":120,"column":0},"end":{"line":133,"column":null}},"25":{"start":{"line":123,"column":0},"end":{"line":123,"column":null}},"26":{"start":{"line":124,"column":0},"end":{"line":124,"column":null}},"27":{"start":{"line":125,"column":0},"end":{"line":125,"column":null}},"28":{"start":{"line":127,"column":0},"end":{"line":133,"column":null}},"29":{"start":{"line":129,"column":0},"end":{"line":129,"column":null}},"30":{"start":{"line":132,"column":0},"end":{"line":132,"column":null}},"31":{"start":{"line":134,"column":0},"end":{"line":134,"column":null}},"32":{"start":{"line":137,"column":0},"end":{"line":137,"column":null}}},"fnMap":{"0":{"name":"(anonymous_1)","decl":{"start":{"line":59,"column":0},"end":{"line":59,"column":null}},"loc":{"start":{"line":59,"column":0},"end":{"line":72,"column":null}}},"1":{"name":"(anonymous_2)","decl":{"start":{"line":73,"column":0},"end":{"line":73,"column":null}},"loc":{"start":{"line":73,"column":0},"end":{"line":75,"column":null}}},"2":{"name":"(anonymous_3)","decl":{"start":{"line":77,"column":0},"end":{"line":77,"column":null}},"loc":{"start":{"line":77,"column":0},"end":{"line":79,"column":null}}},"3":{"name":"(anonymous_4)","decl":{"start":{"line":82,"column":0},"end":{"line":82,"column":null}},"loc":{"start":{"line":82,"column":0},"end":{"line":85,"column":null}}},"4":{"name":"(anonymous_5)","decl":{"start":{"line":86,"column":0},"end":{"line":86,"column":null}},"loc":{"start":{"line":86,"column":0},"end":{"line":89,"column":null}}},"5":{"name":"(anonymous_6)","decl":{"start":{"line":90,"column":0},"end":{"line":90,"column":null}},"loc":{"start":{"line":90,"column":0},"end":{"line":98,"column":null}}},"6":{"name":"(anonymous_7)","decl":{"start":{"line":99,"column":0},"end":{"line":99,"column":null}},"loc":{"start":{"line":99,"column":0},"end":{"line":139,"column":null}}},"7":{"name":"(anonymous_8)","decl":{"start":{"line":103,"column":0},"end":{"line":103,"column":null}},"loc":{"start":{"line":103,"column":0},"end":{"line":118,"column":null}}},"8":{"name":"(anonymous_9)","decl":{"start":{"line":118,"column":0},"end":{"line":118,"column":null}},"loc":{"start":{"line":118,"column":0},"end":{"line":135,"column":null}}}},"branchMap":{"0":{"loc":{"start":{"line":78,"column":0},"end":{"line":78,"column":null}},"type":"binary-expr","locations":[{"start":{"line":78,"column":0},"end":{"line":78,"column":null}},{"start":{"line":78,"column":0},"end":{"line":78,"column":null}},{"start":{"line":78,"column":0},"end":{"line":78,"column":null}},{"start":{"line":78,"column":0},"end":{"line":78,"column":null}},{"start":{"line":78,"column":0},"end":{"line":78,"column":null}},{"start":{"line":78,"column":0},"end":{"line":78,"column":null}},{"start":{"line":78,"column":0},"end":{"line":78,"column":null}},{"start":{"line":78,"column":0},"end":{"line":78,"column":null}}]},"1":{"loc":{"start":{"line":100,"column":0},"end":{"line":138,"column":null}},"type":"if","locations":[{"start":{"line":100,"column":0},"end":{"line":138,"column":null}},{"start":{"line":100,"column":0},"end":{"line":138,"column":null}}]},"2":{"loc":{"start":{"line":102,"column":0},"end":{"line":138,"column":null}},"type":"if","locations":[{"start":{"line":102,"column":0},"end":{"line":138,"column":null}},{"start":{"line":102,"column":0},"end":{"line":138,"column":null}}]},"3":{"loc":{"start":{"line":102,"column":0},"end":{"line":102,"column":null}},"type":"binary-expr","locations":[{"start":{"line":102,"column":0},"end":{"line":102,"column":null}},{"start":{"line":102,"column":0},"end":{"line":102,"column":null}},{"start":{"line":102,"column":0},"end":{"line":102,"column":null}},{"start":{"line":102,"column":0},"end":{"line":102,"column":null}},{"start":{"line":102,"column":0},"end":{"line":102,"column":null}},{"start":{"line":102,"column":0},"end":{"line":102,"column":null}},{"start":{"line":102,"column":0},"end":{"line":102,"column":null}}]},"4":{"loc":{"start":{"line":112,"column":0},"end":{"line":117,"column":null}},"type":"if","locations":[{"start":{"line":112,"column":0},"end":{"line":117,"column":null}},{"start":{"line":112,"column":0},"end":{"line":117,"column":null}}]},"5":{"loc":{"start":{"line":120,"column":0},"end":{"line":133,"column":null}},"type":"if","locations":[{"start":{"line":120,"column":0},"end":{"line":133,"column":null}},{"start":{"line":120,"column":0},"end":{"line":133,"column":null}}]},"6":{"loc":{"start":{"line":127,"column":0},"end":{"line":133,"column":null}},"type":"if","locations":[{"start":{"line":127,"column":0},"end":{"line":133,"column":null}},{"start":{"line":127,"column":0},"end":{"line":133,"column":null}}]}},"s":{"0":1,"1":1,"2":2,"3":2,"4":2,"5":0,"6":0,"7":0,"8":0,"9":0,"10":0,"11":0,"12":0,"13":0,"14":0,"15":0,"16":0,"17":0,"18":0,"19":0,"20":0,"21":0,"22":0,"23":0,"24":0,"25":0,"26":0,"27":0,"28":0,"29":0,"30":0,"31":0,"32":0},"f":{"0":2,"1":2,"2":2,"3":0,"4":0,"5":0,"6":0,"7":0,"8":0},"b":{"0":[2,1,1,1,1,1,1,1],"1":[0,0],"2":[0,0],"3":[0,0,0,0,0,0,0],"4":[0,0],"5":[0,0],"6":[0,0]}}
,"C:\\Users\\user\\Desktop\\Testing\\Source Code\\Frontend\\my-project\\src\\components\\UserHome.vue": {"path":"C:\\Users\\user\\Desktop\\Testing\\Source Code\\Frontend\\my-project\\src\\components\\UserHome.vue","statementMap":{"0":{"start":{"line":139,"column":0},"end":{"line":139,"column":null}},"1":{"start":{"line":140,"column":0},"end":{"line":140,"column":null}},"2":{"start":{"line":141,"column":0},"end":{"line":141,"column":null}},"3":{"start":{"line":142,"column":0},"end":{"line":142,"column":null}},"4":{"start":{"line":151,"column":0},"end":{"line":151,"column":null}},"5":{"start":{"line":173,"column":0},"end":{"line":173,"column":null}},"6":{"start":{"line":176,"column":0},"end":{"line":176,"column":null}},"7":{"start":{"line":177,"column":0},"end":{"line":177,"column":null}},"8":{"start":{"line":178,"column":0},"end":{"line":178,"column":null}},"9":{"start":{"line":182,"column":0},"end":{"line":182,"column":null}},"10":{"start":{"line":183,"column":0},"end":{"line":183,"column":null}},"11":{"start":{"line":184,"column":0},"end":{"line":184,"column":null}},"12":{"start":{"line":187,"column":0},"end":{"line":187,"column":null}},"13":{"start":{"line":191,"column":0},"end":{"line":191,"column":null}},"14":{"start":{"line":194,"column":0},"end":{"line":194,"column":null}},"15":{"start":{"line":195,"column":0},"end":{"line":220,"column":null}},"16":{"start":{"line":197,"column":0},"end":{"line":201,"column":null}},"17":{"start":{"line":198,"column":0},"end":{"line":198,"column":null}},"18":{"start":{"line":200,"column":0},"end":{"line":200,"column":null}},"19":{"start":{"line":204,"column":0},"end":{"line":204,"column":null}},"20":{"start":{"line":205,"column":0},"end":{"line":218,"column":null}},"21":{"start":{"line":208,"column":0},"end":{"line":208,"column":null}},"22":{"start":{"line":209,"column":0},"end":{"line":209,"column":null}},"23":{"start":{"line":210,"column":0},"end":{"line":210,"column":null}},"24":{"start":{"line":211,"column":0},"end":{"line":211,"column":null}},"25":{"start":{"line":212,"column":0},"end":{"line":218,"column":null}},"26":{"start":{"line":214,"column":0},"end":{"line":214,"column":null}},"27":{"start":{"line":217,"column":0},"end":{"line":217,"column":null}},"28":{"start":{"line":219,"column":0},"end":{"line":219,"column":null}},"29":{"start":{"line":223,"column":0},"end":{"line":223,"column":null}},"30":{"start":{"line":224,"column":0},"end":{"line":224,"column":null}},"31":{"start":{"line":232,"column":0},"end":{"line":232,"column":null}},"32":{"start":{"line":233,"column":0},"end":{"line":233,"column":null}},"33":{"start":{"line":236,"column":0},"end":{"line":236,"column":null}},"34":{"start":{"line":237,"column":0},"end":{"line":260,"column":null}},"35":{"start":{"line":238,"column":0},"end":{"line":238,"column":null}},"36":{"start":{"line":239,"column":0},"end":{"line":239,"column":null}},"37":{"start":{"line":240,"column":0},"end":{"line":259,"column":null}},"38":{"start":{"line":241,"column":0},"end":{"line":252,"column":null}},"39":{"start":{"line":243,"column":0},"end":{"line":251,"column":null}},"40":{"start":{"line":244,"column":0},"end":{"line":244,"column":null}},"41":{"start":{"line":246,"column":0},"end":{"line":246,"column":null}},"42":{"start":{"line":248,"column":0},"end":{"line":248,"column":null}},"43":{"start":{"line":250,"column":0},"end":{"line":250,"column":null}},"44":{"start":{"line":254,"column":0},"end":{"line":254,"column":null}},"45":{"start":{"line":256,"column":0},"end":{"line":256,"column":null}},"46":{"start":{"line":258,"column":0},"end":{"line":258,"column":null}},"47":{"start":{"line":263,"column":0},"end":{"line":274,"column":null}},"48":{"start":{"line":265,"column":0},"end":{"line":270,"column":null}},"49":{"start":{"line":266,"column":0},"end":{"line":266,"column":null}},"50":{"start":{"line":267,"column":0},"end":{"line":267,"column":null}},"51":{"start":{"line":269,"column":0},"end":{"line":269,"column":null}},"52":{"start":{"line":273,"column":0},"end":{"line":273,"column":null}},"53":{"start":{"line":277,"column":0},"end":{"line":277,"column":null}},"54":{"start":{"line":278,"column":0},"end":{"line":307,"column":null}},"55":{"start":{"line":280,"column":0},"end":{"line":288,"column":null}},"56":{"start":{"line":281,"column":0},"end":{"line":281,"column":null}},"57":{"start":{"line":282,"column":0},"end":{"line":282,"column":null}},"58":{"start":{"line":283,"column":0},"end":{"line":283,"column":null}},"59":{"start":{"line":284,"column":0},"end":{"line":284,"column":null}},"60":{"start":{"line":285,"column":0},"end":{"line":285,"column":null}},"61":{"start":{"line":287,"column":0},"end":{"line":287,"column":null}},"62":{"start":{"line":291,"column":0},"end":{"line":291,"column":null}},"63":{"start":{"line":292,"column":0},"end":{"line":305,"column":null}},"64":{"start":{"line":295,"column":0},"end":{"line":295,"column":null}},"65":{"start":{"line":296,"column":0},"end":{"line":296,"column":null}},"66":{"start":{"line":297,"column":0},"end":{"line":297,"column":null}},"67":{"start":{"line":298,"column":0},"end":{"line":298,"column":null}},"68":{"start":{"line":299,"column":0},"end":{"line":305,"column":null}},"69":{"start":{"line":301,"column":0},"end":{"line":301,"column":null}},"70":{"start":{"line":304,"column":0},"end":{"line":304,"column":null}},"71":{"start":{"line":306,"column":0},"end":{"line":306,"column":null}},"72":{"start":{"line":310,"column":0},"end":{"line":346,"column":null}},"73":{"start":{"line":311,"column":0},"end":{"line":343,"column":null}},"74":{"start":{"line":320,"column":0},"end":{"line":326,"column":null}},"75":{"start":{"line":321,"column":0},"end":{"line":321,"column":null}},"76":{"start":{"line":322,"column":0},"end":{"line":322,"column":null}},"77":{"start":{"line":324,"column":0},"end":{"line":324,"column":null}},"78":{"start":{"line":325,"column":0},"end":{"line":325,"column":null}},"79":{"start":{"line":329,"column":0},"end":{"line":341,"column":null}},"80":{"start":{"line":332,"column":0},"end":{"line":332,"column":null}},"81":{"start":{"line":333,"column":0},"end":{"line":333,"column":null}},"82":{"start":{"line":334,"column":0},"end":{"line":334,"column":null}},"83":{"start":{"line":335,"column":0},"end":{"line":341,"column":null}},"84":{"start":{"line":337,"column":0},"end":{"line":337,"column":null}},"85":{"start":{"line":340,"column":0},"end":{"line":340,"column":null}},"86":{"start":{"line":342,"column":0},"end":{"line":342,"column":null}},"87":{"start":{"line":345,"column":0},"end":{"line":345,"column":null}}},"fnMap":{"0":{"name":"(anonymous_1)","decl":{"start":{"line":150,"column":0},"end":{"line":150,"column":null}},"loc":{"start":{"line":150,"column":0},"end":{"line":171,"column":null}}},"1":{"name":"(anonymous_2)","decl":{"start":{"line":172,"column":0},"end":{"line":172,"column":null}},"loc":{"start":{"line":172,"column":0},"end":{"line":174,"column":null}}},"2":{"name":"(anonymous_3)","decl":{"start":{"line":175,"column":0},"end":{"line":175,"column":null}},"loc":{"start":{"line":175,"column":0},"end":{"line":179,"column":null}}},"3":{"name":"(anonymous_4)","decl":{"start":{"line":181,"column":0},"end":{"line":181,"column":null}},"loc":{"start":{"line":181,"column":0},"end":{"line":185,"column":null}}},"4":{"name":"(anonymous_5)","decl":{"start":{"line":186,"column":0},"end":{"line":186,"column":null}},"loc":{"start":{"line":186,"column":0},"end":{"line":188,"column":null}}},"5":{"name":"(anonymous_6)","decl":{"start":{"line":189,"column":0},"end":{"line":189,"column":null}},"loc":{"start":{"line":189,"column":0},"end":{"line":192,"column":null}}},"6":{"name":"(anonymous_7)","decl":{"start":{"line":193,"column":0},"end":{"line":193,"column":null}},"loc":{"start":{"line":193,"column":0},"end":{"line":221,"column":null}}},"7":{"name":"(anonymous_8)","decl":{"start":{"line":195,"column":0},"end":{"line":195,"column":null}},"loc":{"start":{"line":195,"column":0},"end":{"line":202,"column":null}}},"8":{"name":"(anonymous_9)","decl":{"start":{"line":202,"column":0},"end":{"line":202,"column":null}},"loc":{"start":{"line":202,"column":0},"end":{"line":220,"column":null}}},"9":{"name":"(anonymous_10)","decl":{"start":{"line":222,"column":0},"end":{"line":222,"column":null}},"loc":{"start":{"line":222,"column":0},"end":{"line":234,"column":null}}},"10":{"name":"(anonymous_11)","decl":{"start":{"line":235,"column":0},"end":{"line":235,"column":null}},"loc":{"start":{"line":235,"column":0},"end":{"line":261,"column":null}}},"11":{"name":"(anonymous_12)","decl":{"start":{"line":241,"column":0},"end":{"line":241,"column":null}},"loc":{"start":{"line":241,"column":0},"end":{"line":252,"column":null}}},"12":{"name":"(anonymous_13)","decl":{"start":{"line":262,"column":0},"end":{"line":262,"column":null}},"loc":{"start":{"line":262,"column":0},"end":{"line":275,"column":null}}},"13":{"name":"(anonymous_14)","decl":{"start":{"line":263,"column":0},"end":{"line":263,"column":null}},"loc":{"start":{"line":263,"column":0},"end":{"line":271,"column":null}}},"14":{"name":"(anonymous_15)","decl":{"start":{"line":271,"column":0},"end":{"line":271,"column":null}},"loc":{"start":{"line":271,"column":0},"end":{"line":274,"column":null}}},"15":{"name":"(anonymous_16)","decl":{"start":{"line":276,"column":0},"end":{"line":276,"column":null}},"loc":{"start":{"line":276,"column":0},"end":{"line":308,"column":null}}},"16":{"name":"(anonymous_17)","decl":{"start":{"line":278,"column":0},"end":{"line":278,"column":null}},"loc":{"start":{"line":278,"column":0},"end":{"line":289,"column":null}}},"17":{"name":"(anonymous_18)","decl":{"start":{"line":289,"column":0},"end":{"line":289,"column":null}},"loc":{"start":{"line":289,"column":0},"end":{"line":307,"column":null}}},"18":{"name":"(anonymous_19)","decl":{"start":{"line":309,"column":0},"end":{"line":309,"column":null}},"loc":{"start":{"line":309,"column":0},"end":{"line":347,"column":null}}},"19":{"name":"(anonymous_20)","decl":{"start":{"line":311,"column":0},"end":{"line":311,"column":null}},"loc":{"start":{"line":311,"column":0},"end":{"line":327,"column":null}}},"20":{"name":"(anonymous_21)","decl":{"start":{"line":327,"column":0},"end":{"line":327,"column":null}},"loc":{"start":{"line":327,"column":0},"end":{"line":343,"column":null}}}},"branchMap":{"0":{"loc":{"start":{"line":191,"column":0},"end":{"line":191,"column":null}},"type":"binary-expr","locations":[{"start":{"line":191,"column":0},"end":{"line":191,"column":null}},{"start":{"line":191,"column":0},"end":{"line":191,"column":null}}]},"1":{"loc":{"start":{"line":197,"column":0},"end":{"line":201,"column":null}},"type":"if","locations":[{"start":{"line":197,"column":0},"end":{"line":201,"column":null}},{"start":{"line":197,"column":0},"end":{"line":201,"column":null}}]},"2":{"loc":{"start":{"line":205,"column":0},"end":{"line":218,"column":null}},"type":"if","locations":[{"start":{"line":205,"column":0},"end":{"line":218,"column":null}},{"start":{"line":205,"column":0},"end":{"line":218,"column":null}}]},"3":{"loc":{"start":{"line":212,"column":0},"end":{"line":218,"column":null}},"type":"if","locations":[{"start":{"line":212,"column":0},"end":{"line":218,"column":null}},{"start":{"line":212,"column":0},"end":{"line":218,"column":null}}]},"4":{"loc":{"start":{"line":237,"column":0},"end":{"line":260,"column":null}},"type":"if","locations":[{"start":{"line":237,"column":0},"end":{"line":260,"column":null}},{"start":{"line":237,"column":0},"end":{"line":260,"column":null}}]},"5":{"loc":{"start":{"line":243,"column":0},"end":{"line":251,"column":null}},"type":"if","locations":[{"start":{"line":243,"column":0},"end":{"line":251,"column":null}},{"start":{"line":243,"column":0},"end":{"line":251,"column":null}}]},"6":{"loc":{"start":{"line":243,"column":0},"end":{"line":243,"column":null}},"type":"binary-expr","locations":[{"start":{"line":243,"column":0},"end":{"line":243,"column":null}},{"start":{"line":243,"column":0},"end":{"line":243,"column":null}}]},"7":{"loc":{"start":{"line":265,"column":0},"end":{"line":270,"column":null}},"type":"if","locations":[{"start":{"line":265,"column":0},"end":{"line":270,"column":null}},{"start":{"line":265,"column":0},"end":{"line":270,"column":null}}]},"8":{"loc":{"start":{"line":280,"column":0},"end":{"line":288,"column":null}},"type":"if","locations":[{"start":{"line":280,"column":0},"end":{"line":288,"column":null}},{"start":{"line":280,"column":0},"end":{"line":288,"column":null}}]},"9":{"loc":{"start":{"line":281,"column":0},"end":{"line":281,"column":null}},"type":"if","locations":[{"start":{"line":281,"column":0},"end":{"line":281,"column":null}},{"start":{"line":281,"column":0},"end":{"line":281,"column":null}}]},"10":{"loc":{"start":{"line":282,"column":0},"end":{"line":282,"column":null}},"type":"if","locations":[{"start":{"line":282,"column":0},"end":{"line":282,"column":null}},{"start":{"line":282,"column":0},"end":{"line":282,"column":null}}]},"11":{"loc":{"start":{"line":283,"column":0},"end":{"line":283,"column":null}},"type":"if","locations":[{"start":{"line":283,"column":0},"end":{"line":283,"column":null}},{"start":{"line":283,"column":0},"end":{"line":283,"column":null}}]},"12":{"loc":{"start":{"line":284,"column":0},"end":{"line":284,"column":null}},"type":"if","locations":[{"start":{"line":284,"column":0},"end":{"line":284,"column":null}},{"start":{"line":284,"column":0},"end":{"line":284,"column":null}}]},"13":{"loc":{"start":{"line":285,"column":0},"end":{"line":285,"column":null}},"type":"if","locations":[{"start":{"line":285,"column":0},"end":{"line":285,"column":null}},{"start":{"line":285,"column":0},"end":{"line":285,"column":null}}]},"14":{"loc":{"start":{"line":292,"column":0},"end":{"line":305,"column":null}},"type":"if","locations":[{"start":{"line":292,"column":0},"end":{"line":305,"column":null}},{"start":{"line":292,"column":0},"end":{"line":305,"column":null}}]},"15":{"loc":{"start":{"line":299,"column":0},"end":{"line":305,"column":null}},"type":"if","locations":[{"start":{"line":299,"column":0},"end":{"line":305,"column":null}},{"start":{"line":299,"column":0},"end":{"line":305,"column":null}}]},"16":{"loc":{"start":{"line":310,"column":0},"end":{"line":346,"column":null}},"type":"if","locations":[{"start":{"line":310,"column":0},"end":{"line":346,"column":null}},{"start":{"line":310,"column":0},"end":{"line":346,"column":null}}]},"17":{"loc":{"start":{"line":310,"column":0},"end":{"line":310,"column":null}},"type":"binary-expr","locations":[{"start":{"line":310,"column":0},"end":{"line":310,"column":null}},{"start":{"line":310,"column":0},"end":{"line":310,"column":null}},{"start":{"line":310,"column":0},"end":{"line":310,"column":null}},{"start":{"line":310,"column":0},"end":{"line":310,"column":null}}]},"18":{"loc":{"start":{"line":312,"column":0},"end":{"line":312,"column":null}},"type":"cond-expr","locations":[{"start":{"line":312,"column":0},"end":{"line":312,"column":null}},{"start":{"line":312,"column":0},"end":{"line":312,"column":null}}]},"19":{"loc":{"start":{"line":313,"column":0},"end":{"line":313,"column":null}},"type":"cond-expr","locations":[{"start":{"line":313,"column":0},"end":{"line":313,"column":null}},{"start":{"line":313,"column":0},"end":{"line":313,"column":null}}]},"20":{"loc":{"start":{"line":314,"column":0},"end":{"line":314,"column":null}},"type":"cond-expr","locations":[{"start":{"line":314,"column":0},"end":{"line":314,"column":null}},{"start":{"line":314,"column":0},"end":{"line":314,"column":null}}]},"21":{"loc":{"start":{"line":315,"column":0},"end":{"line":315,"column":null}},"type":"cond-expr","locations":[{"start":{"line":315,"column":0},"end":{"line":315,"column":null}},{"start":{"line":315,"column":0},"end":{"line":315,"column":null}}]},"22":{"loc":{"start":{"line":316,"column":0},"end":{"line":316,"column":null}},"type":"cond-expr","locations":[{"start":{"line":316,"column":0},"end":{"line":316,"column":null}},{"start":{"line":316,"column":0},"end":{"line":316,"column":null}}]},"23":{"loc":{"start":{"line":320,"column":0},"end":{"line":326,"column":null}},"type":"if","locations":[{"start":{"line":320,"column":0},"end":{"line":326,"column":null}},{"start":{"line":320,"column":0},"end":{"line":326,"column":null}}]},"24":{"loc":{"start":{"line":329,"column":0},"end":{"line":341,"column":null}},"type":"if","locations":[{"start":{"line":329,"column":0},"end":{"line":341,"column":null}},{"start":{"line":329,"column":0},"end":{"line":341,"column":null}}]},"25":{"loc":{"start":{"line":335,"column":0},"end":{"line":341,"column":null}},"type":"if","locations":[{"start":{"line":335,"column":0},"end":{"line":341,"column":null}},{"start":{"line":335,"column":0},"end":{"line":341,"column":null}}]}},"s":{"0":0,"1":0,"2":0,"3":0,"4":0,"5":0,"6":0,"7":0,"8":0,"9":0,"10":0,"11":0,"12":0,"13":0,"14":0,"15":0,"16":0,"17":0,"18":0,"19":0,"20":0,"21":0,"22":0,"23":0,"24":0,"25":0,"26":0,"27":0,"28":0,"29":0,"30":0,"31":0,"32":0,"33":0,"34":0,"35":0,"36":0,"37":0,"38":0,"39":0,"40":0,"41":0,"42":0,"43":0,"44":0,"45":0,"46":0,"47":0,"48":0,"49":0,"50":0,"51":0,"52":0,"53":0,"54":0,"55":0,"56":0,"57":0,"58":0,"59":0,"60":0,"61":0,"62":0,"63":0,"64":0,"65":0,"66":0,"67":0,"68":0,"69":0,"70":0,"71":0,"72":0,"73":0,"74":0,"75":0,"76":0,"77":0,"78":0,"79":0,"80":0,"81":0,"82":0,"83":0,"84":0,"85":0,"86":0,"87":0},"f":{"0":0,"1":0,"2":0,"3":0,"4":0,"5":0,"6":0,"7":0,"8":0,"9":0,"10":0,"11":0,"12":0,"13":0,"14":0,"15":0,"16":0,"17":0,"18":0,"19":0,"20":0},"b":{"0":[0,0],"1":[0,0],"2":[0,0],"3":[0,0],"4":[0,0],"5":[0,0],"6":[0,0],"7":[0,0],"8":[0,0],"9":[0,0],"10":[0,0],"11":[0,0],"12":[0,0],"13":[0,0],"14":[0,0],"15":[0,0],"16":[0,0],"17":[0,0,0,0],"18":[0,0],"19":[0,0],"20":[0,0],"21":[0,0],"22":[0,0],"23":[0,0],"24":[0,0],"25":[0,0]}}
,"C:\\Users\\user\\Desktop\\Testing\\Source Code\\Frontend\\my-project\\src\\components\\aa.vue": {"path":"C:\\Users\\user\\Desktop\\Testing\\Source Code\\Frontend\\my-project\\src\\components\\aa.vue","statementMap":{"0":{"start":{"line":10,"column":0},"end":{"line":10,"column":null}},"1":{"start":{"line":16,"column":0},"end":{"line":16,"column":null}}},"fnMap":{"0":{"name":"(anonymous_1)","decl":{"start":{"line":9,"column":0},"end":{"line":9,"column":null}},"loc":{"start":{"line":9,"column":0},"end":{"line":13,"column":null}}},"1":{"name":"(anonymous_2)","decl":{"start":{"line":15,"column":0},"end":{"line":15,"column":null}},"loc":{"start":{"line":15,"column":0},"end":{"line":17,"column":null}}}},"branchMap":{},"s":{"0":0,"1":0},"f":{"0":0,"1":0},"b":{}}
}
