{"D:\\6th SEMESTER\\CO328\\CO328-Project\\Frontend\\my-project\\src\\components\\Home.vue": {"path":"D:\\6th SEMESTER\\CO328\\CO328-Project\\Frontend\\my-project\\src\\components\\Home.vue","statementMap":{"0":{"start":{"line":242,"column":0},"end":{"line":242,"column":null}},"1":{"start":{"line":243,"column":0},"end":{"line":243,"column":null}},"2":{"start":{"line":244,"column":0},"end":{"line":244,"column":null}},"3":{"start":{"line":253,"column":0},"end":{"line":253,"column":null}},"4":{"start":{"line":276,"column":0},"end":{"line":276,"column":null}},"5":{"start":{"line":279,"column":0},"end":{"line":279,"column":null}},"6":{"start":{"line":282,"column":0},"end":{"line":285,"column":null}},"7":{"start":{"line":284,"column":0},"end":{"line":284,"column":null}},"8":{"start":{"line":290,"column":0},"end":{"line":290,"column":null}},"9":{"start":{"line":291,"column":0},"end":{"line":294,"column":null}},"10":{"start":{"line":293,"column":0},"end":{"line":293,"column":null}},"11":{"start":{"line":297,"column":0},"end":{"line":297,"column":null}},"12":{"start":{"line":298,"column":0},"end":{"line":298,"column":null}},"13":{"start":{"line":301,"column":0},"end":{"line":301,"column":null}},"14":{"start":{"line":302,"column":0},"end":{"line":327,"column":null}},"15":{"start":{"line":304,"column":0},"end":{"line":304,"column":null}},"16":{"start":{"line":305,"column":0},"end":{"line":308,"column":null}},"17":{"start":{"line":305,"column":0},"end":{"line":305,"column":null}},"18":{"start":{"line":306,"column":0},"end":{"line":306,"column":null}},"19":{"start":{"line":307,"column":0},"end":{"line":307,"column":null}},"20":{"start":{"line":311,"column":0},"end":{"line":311,"column":null}},"21":{"start":{"line":312,"column":0},"end":{"line":325,"column":null}},"22":{"start":{"line":315,"column":0},"end":{"line":315,"column":null}},"23":{"start":{"line":316,"column":0},"end":{"line":316,"column":null}},"24":{"start":{"line":317,"column":0},"end":{"line":317,"column":null}},"25":{"start":{"line":318,"column":0},"end":{"line":318,"column":null}},"26":{"start":{"line":319,"column":0},"end":{"line":325,"column":null}},"27":{"start":{"line":321,"column":0},"end":{"line":321,"column":null}},"28":{"start":{"line":324,"column":0},"end":{"line":324,"column":null}},"29":{"start":{"line":326,"column":0},"end":{"line":326,"column":null}},"30":{"start":{"line":330,"column":0},"end":{"line":330,"column":null}},"31":{"start":{"line":331,"column":0},"end":{"line":359,"column":null}},"32":{"start":{"line":333,"column":0},"end":{"line":339,"column":null}},"33":{"start":{"line":334,"column":0},"end":{"line":334,"column":null}},"34":{"start":{"line":335,"column":0},"end":{"line":335,"column":null}},"35":{"start":{"line":337,"column":0},"end":{"line":337,"column":null}},"36":{"start":{"line":338,"column":0},"end":{"line":338,"column":null}},"37":{"start":{"line":340,"column":0},"end":{"line":340,"column":null}},"38":{"start":{"line":343,"column":0},"end":{"line":343,"column":null}},"39":{"start":{"line":344,"column":0},"end":{"line":357,"column":null}},"40":{"start":{"line":347,"column":0},"end":{"line":347,"column":null}},"41":{"start":{"line":348,"column":0},"end":{"line":348,"column":null}},"42":{"start":{"line":349,"column":0},"end":{"line":349,"column":null}},"43":{"start":{"line":350,"column":0},"end":{"line":350,"column":null}},"44":{"start":{"line":351,"column":0},"end":{"line":357,"column":null}},"45":{"start":{"line":353,"column":0},"end":{"line":353,"column":null}},"46":{"start":{"line":356,"column":0},"end":{"line":356,"column":null}},"47":{"start":{"line":358,"column":0},"end":{"line":358,"column":null}},"48":{"start":{"line":362,"column":0},"end":{"line":362,"column":null}},"49":{"start":{"line":363,"column":0},"end":{"line":391,"column":null}},"50":{"start":{"line":365,"column":0},"end":{"line":365,"column":null}},"51":{"start":{"line":366,"column":0},"end":{"line":366,"column":null}},"52":{"start":{"line":367,"column":0},"end":{"line":367,"column":null}},"53":{"start":{"line":368,"column":0},"end":{"line":368,"column":null}},"54":{"start":{"line":369,"column":0},"end":{"line":369,"column":null}},"55":{"start":{"line":370,"column":0},"end":{"line":370,"column":null}},"56":{"start":{"line":371,"column":0},"end":{"line":371,"column":null}},"57":{"start":{"line":372,"column":0},"end":{"line":372,"column":null}},"58":{"start":{"line":375,"column":0},"end":{"line":375,"column":null}},"59":{"start":{"line":376,"column":0},"end":{"line":389,"column":null}},"60":{"start":{"line":379,"column":0},"end":{"line":379,"column":null}},"61":{"start":{"line":380,"column":0},"end":{"line":380,"column":null}},"62":{"start":{"line":381,"column":0},"end":{"line":381,"column":null}},"63":{"start":{"line":382,"column":0},"end":{"line":382,"column":null}},"64":{"start":{"line":383,"column":0},"end":{"line":389,"column":null}},"65":{"start":{"line":385,"column":0},"end":{"line":385,"column":null}},"66":{"start":{"line":388,"column":0},"end":{"line":388,"column":null}},"67":{"start":{"line":390,"column":0},"end":{"line":390,"column":null}},"68":{"start":{"line":394,"column":0},"end":{"line":394,"column":null}},"69":{"start":{"line":396,"column":0},"end":{"line":422,"column":null}},"70":{"start":{"line":398,"column":0},"end":{"line":402,"column":null}},"71":{"start":{"line":399,"column":0},"end":{"line":399,"column":null}},"72":{"start":{"line":401,"column":0},"end":{"line":401,"column":null}},"73":{"start":{"line":403,"column":0},"end":{"line":403,"column":null}},"74":{"start":{"line":406,"column":0},"end":{"line":406,"column":null}},"75":{"start":{"line":407,"column":0},"end":{"line":420,"column":null}},"76":{"start":{"line":410,"column":0},"end":{"line":410,"column":null}},"77":{"start":{"line":411,"column":0},"end":{"line":411,"column":null}},"78":{"start":{"line":412,"column":0},"end":{"line":412,"column":null}},"79":{"start":{"line":413,"column":0},"end":{"line":413,"column":null}},"80":{"start":{"line":414,"column":0},"end":{"line":420,"column":null}},"81":{"start":{"line":416,"column":0},"end":{"line":416,"column":null}},"82":{"start":{"line":419,"column":0},"end":{"line":419,"column":null}},"83":{"start":{"line":421,"column":0},"end":{"line":421,"column":null}}},"fnMap":{"0":{"name":"(anonymous_1)","decl":{"start":{"line":252,"column":0},"end":{"line":252,"column":null}},"loc":{"start":{"line":252,"column":0},"end":{"line":274,"column":null}}},"1":{"name":"(anonymous_2)","decl":{"start":{"line":275,"column":0},"end":{"line":275,"column":null}},"loc":{"start":{"line":275,"column":0},"end":{"line":277,"column":null}}},"2":{"name":"(anonymous_3)","decl":{"start":{"line":278,"column":0},"end":{"line":278,"column":null}},"loc":{"start":{"line":278,"column":0},"end":{"line":280,"column":null}}},"3":{"name":"(anonymous_4)","decl":{"start":{"line":281,"column":0},"end":{"line":281,"column":null}},"loc":{"start":{"line":281,"column":0},"end":{"line":286,"column":null}}},"4":{"name":"(anonymous_5)","decl":{"start":{"line":282,"column":0},"end":{"line":282,"column":null}},"loc":{"start":{"line":282,"column":0},"end":{"line":285,"column":null}}},"5":{"name":"(anonymous_6)","decl":{"start":{"line":288,"column":0},"end":{"line":288,"column":null}},"loc":{"start":{"line":288,"column":0},"end":{"line":295,"column":null}}},"6":{"name":"(anonymous_7)","decl":{"start":{"line":291,"column":0},"end":{"line":291,"column":null}},"loc":{"start":{"line":291,"column":0},"end":{"line":294,"column":null}}},"7":{"name":"(anonymous_8)","decl":{"start":{"line":296,"column":0},"end":{"line":296,"column":null}},"loc":{"start":{"line":296,"column":0},"end":{"line":299,"column":null}}},"8":{"name":"(anonymous_9)","decl":{"start":{"line":300,"column":0},"end":{"line":300,"column":null}},"loc":{"start":{"line":300,"column":0},"end":{"line":328,"column":null}}},"9":{"name":"(anonymous_10)","decl":{"start":{"line":302,"column":0},"end":{"line":302,"column":null}},"loc":{"start":{"line":302,"column":0},"end":{"line":309,"column":null}}},"10":{"name":"(anonymous_11)","decl":{"start":{"line":309,"column":0},"end":{"line":309,"column":null}},"loc":{"start":{"line":309,"column":0},"end":{"line":327,"column":null}}},"11":{"name":"(anonymous_12)","decl":{"start":{"line":329,"column":0},"end":{"line":329,"column":null}},"loc":{"start":{"line":329,"column":0},"end":{"line":360,"column":null}}},"12":{"name":"(anonymous_13)","decl":{"start":{"line":331,"column":0},"end":{"line":331,"column":null}},"loc":{"start":{"line":331,"column":0},"end":{"line":341,"column":null}}},"13":{"name":"(anonymous_14)","decl":{"start":{"line":341,"column":0},"end":{"line":341,"column":null}},"loc":{"start":{"line":341,"column":0},"end":{"line":359,"column":null}}},"14":{"name":"(anonymous_15)","decl":{"start":{"line":361,"column":0},"end":{"line":361,"column":null}},"loc":{"start":{"line":361,"column":0},"end":{"line":392,"column":null}}},"15":{"name":"(anonymous_16)","decl":{"start":{"line":363,"column":0},"end":{"line":363,"column":null}},"loc":{"start":{"line":363,"column":0},"end":{"line":373,"column":null}}},"16":{"name":"(anonymous_17)","decl":{"start":{"line":373,"column":0},"end":{"line":373,"column":null}},"loc":{"start":{"line":373,"column":0},"end":{"line":391,"column":null}}},"17":{"name":"(anonymous_18)","decl":{"start":{"line":393,"column":0},"end":{"line":393,"column":null}},"loc":{"start":{"line":393,"column":0},"end":{"line":423,"column":null}}},"18":{"name":"(anonymous_19)","decl":{"start":{"line":396,"column":0},"end":{"line":396,"column":null}},"loc":{"start":{"line":396,"column":0},"end":{"line":404,"column":null}}},"19":{"name":"(anonymous_20)","decl":{"start":{"line":404,"column":0},"end":{"line":404,"column":null}},"loc":{"start":{"line":404,"column":0},"end":{"line":422,"column":null}}}},"branchMap":{"0":{"loc":{"start":{"line":312,"column":0},"end":{"line":325,"column":null}},"type":"if","locations":[{"start":{"line":312,"column":0},"end":{"line":325,"column":null}},{"start":{"line":312,"column":0},"end":{"line":325,"column":null}}]},"1":{"loc":{"start":{"line":319,"column":0},"end":{"line":325,"column":null}},"type":"if","locations":[{"start":{"line":319,"column":0},"end":{"line":325,"column":null}},{"start":{"line":319,"column":0},"end":{"line":325,"column":null}}]},"2":{"loc":{"start":{"line":333,"column":0},"end":{"line":339,"column":null}},"type":"if","locations":[{"start":{"line":333,"column":0},"end":{"line":339,"column":null}},{"start":{"line":333,"column":0},"end":{"line":339,"column":null}}]},"3":{"loc":{"start":{"line":344,"column":0},"end":{"line":357,"column":null}},"type":"if","locations":[{"start":{"line":344,"column":0},"end":{"line":357,"column":null}},{"start":{"line":344,"column":0},"end":{"line":357,"column":null}}]},"4":{"loc":{"start":{"line":351,"column":0},"end":{"line":357,"column":null}},"type":"if","locations":[{"start":{"line":351,"column":0},"end":{"line":357,"column":null}},{"start":{"line":351,"column":0},"end":{"line":357,"column":null}}]},"5":{"loc":{"start":{"line":365,"column":0},"end":{"line":365,"column":null}},"type":"if","locations":[{"start":{"line":365,"column":0},"end":{"line":365,"column":null}},{"start":{"line":365,"column":0},"end":{"line":365,"column":null}}]},"6":{"loc":{"start":{"line":366,"column":0},"end":{"line":366,"column":null}},"type":"if","locations":[{"start":{"line":366,"column":0},"end":{"line":366,"column":null}},{"start":{"line":366,"column":0},"end":{"line":366,"column":null}}]},"7":{"loc":{"start":{"line":367,"column":0},"end":{"line":367,"column":null}},"type":"if","locations":[{"start":{"line":367,"column":0},"end":{"line":367,"column":null}},{"start":{"line":367,"column":0},"end":{"line":367,"column":null}}]},"8":{"loc":{"start":{"line":368,"column":0},"end":{"line":368,"column":null}},"type":"if","locations":[{"start":{"line":368,"column":0},"end":{"line":368,"column":null}},{"start":{"line":368,"column":0},"end":{"line":368,"column":null}}]},"9":{"loc":{"start":{"line":369,"column":0},"end":{"line":369,"column":null}},"type":"if","locations":[{"start":{"line":369,"column":0},"end":{"line":369,"column":null}},{"start":{"line":369,"column":0},"end":{"line":369,"column":null}}]},"10":{"loc":{"start":{"line":370,"column":0},"end":{"line":370,"column":null}},"type":"if","locations":[{"start":{"line":370,"column":0},"end":{"line":370,"column":null}},{"start":{"line":370,"column":0},"end":{"line":370,"column":null}}]},"11":{"loc":{"start":{"line":371,"column":0},"end":{"line":371,"column":null}},"type":"if","locations":[{"start":{"line":371,"column":0},"end":{"line":371,"column":null}},{"start":{"line":371,"column":0},"end":{"line":371,"column":null}}]},"12":{"loc":{"start":{"line":376,"column":0},"end":{"line":389,"column":null}},"type":"if","locations":[{"start":{"line":376,"column":0},"end":{"line":389,"column":null}},{"start":{"line":376,"column":0},"end":{"line":389,"column":null}}]},"13":{"loc":{"start":{"line":383,"column":0},"end":{"line":389,"column":null}},"type":"if","locations":[{"start":{"line":383,"column":0},"end":{"line":389,"column":null}},{"start":{"line":383,"column":0},"end":{"line":389,"column":null}}]},"14":{"loc":{"start":{"line":398,"column":0},"end":{"line":402,"column":null}},"type":"if","locations":[{"start":{"line":398,"column":0},"end":{"line":402,"column":null}},{"start":{"line":398,"column":0},"end":{"line":402,"column":null}}]},"15":{"loc":{"start":{"line":407,"column":0},"end":{"line":420,"column":null}},"type":"if","locations":[{"start":{"line":407,"column":0},"end":{"line":420,"column":null}},{"start":{"line":407,"column":0},"end":{"line":420,"column":null}}]},"16":{"loc":{"start":{"line":414,"column":0},"end":{"line":420,"column":null}},"type":"if","locations":[{"start":{"line":414,"column":0},"end":{"line":420,"column":null}},{"start":{"line":414,"column":0},"end":{"line":420,"column":null}}]}},"s":{"0":0,"1":0,"2":0,"3":0,"4":0,"5":0,"6":0,"7":0,"8":0,"9":0,"10":0,"11":0,"12":0,"13":0,"14":0,"15":0,"16":0,"17":0,"18":0,"19":0,"20":0,"21":0,"22":0,"23":0,"24":0,"25":0,"26":0,"27":0,"28":0,"29":0,"30":0,"31":0,"32":0,"33":0,"34":0,"35":0,"36":0,"37":0,"38":0,"39":0,"40":0,"41":0,"42":0,"43":0,"44":0,"45":0,"46":0,"47":0,"48":0,"49":0,"50":0,"51":0,"52":0,"53":0,"54":0,"55":0,"56":0,"57":0,"58":0,"59":0,"60":0,"61":0,"62":0,"63":0,"64":0,"65":0,"66":0,"67":0,"68":0,"69":0,"70":0,"71":0,"72":0,"73":0,"74":0,"75":0,"76":0,"77":0,"78":0,"79":0,"80":0,"81":0,"82":0,"83":0},"f":{"0":0,"1":0,"2":0,"3":0,"4":0,"5":0,"6":0,"7":0,"8":0,"9":0,"10":0,"11":0,"12":0,"13":0,"14":0,"15":0,"16":0,"17":0,"18":0,"19":0},"b":{"0":[0,0],"1":[0,0],"2":[0,0],"3":[0,0],"4":[0,0],"5":[0,0],"6":[0,0],"7":[0,0],"8":[0,0],"9":[0,0],"10":[0,0],"11":[0,0],"12":[0,0],"13":[0,0],"14":[0,0],"15":[0,0],"16":[0,0]}}
}
