TN:
SF:D:\6th SEMESTER\CO328\CO328-Project\Frontend\my-project\src\components\Home.vue
FN:252,(anonymous_1)
FN:275,(anonymous_2)
FN:278,(anonymous_3)
FN:281,(anonymous_4)
FN:282,(anonymous_5)
FN:288,(anonymous_6)
FN:291,(anonymous_7)
FN:296,(anonymous_8)
FN:300,(anonymous_9)
FN:302,(anonymous_10)
FN:309,(anonymous_11)
FN:329,(anonymous_12)
FN:331,(anonymous_13)
FN:341,(anonymous_14)
FN:361,(anonymous_15)
FN:363,(anonymous_16)
FN:373,(anonymous_17)
FN:393,(anonymous_18)
FN:396,(anonymous_19)
FN:404,(anonymous_20)
FNF:20
FNH:0
FNDA:0,(anonymous_1)
FNDA:0,(anonymous_2)
FNDA:0,(anonymous_3)
FNDA:0,(anonymous_4)
FNDA:0,(anonymous_5)
FNDA:0,(anonymous_6)
FNDA:0,(anonymous_7)
FNDA:0,(anonymous_8)
FNDA:0,(anonymous_9)
FNDA:0,(anonymous_10)
FNDA:0,(anonymous_11)
FNDA:0,(anonymous_12)
FNDA:0,(anonymous_13)
FNDA:0,(anonymous_14)
FNDA:0,(anonymous_15)
FNDA:0,(anonymous_16)
FNDA:0,(anonymous_17)
FNDA:0,(anonymous_18)
FNDA:0,(anonymous_19)
FNDA:0,(anonymous_20)
DA:242,0
DA:243,0
DA:244,0
DA:253,0
DA:276,0
DA:279,0
DA:282,0
DA:284,0
DA:290,0
DA:291,0
DA:293,0
DA:297,0
DA:298,0
DA:301,0
DA:302,0
DA:304,0
DA:305,0
DA:306,0
DA:307,0
DA:311,0
DA:312,0
DA:315,0
DA:316,0
DA:317,0
DA:318,0
DA:319,0
DA:321,0
DA:324,0
DA:326,0
DA:330,0
DA:331,0
DA:333,0
DA:334,0
DA:335,0
DA:337,0
DA:338,0
DA:340,0
DA:343,0
DA:344,0
DA:347,0
DA:348,0
DA:349,0
DA:350,0
DA:351,0
DA:353,0
DA:356,0
DA:358,0
DA:362,0
DA:363,0
DA:365,0
DA:366,0
DA:367,0
DA:368,0
DA:369,0
DA:370,0
DA:371,0
DA:372,0
DA:375,0
DA:376,0
DA:379,0
DA:380,0
DA:381,0
DA:382,0
DA:383,0
DA:385,0
DA:388,0
DA:390,0
DA:394,0
DA:396,0
DA:398,0
DA:399,0
DA:401,0
DA:403,0
DA:406,0
DA:407,0
DA:410,0
DA:411,0
DA:412,0
DA:413,0
DA:414,0
DA:416,0
DA:419,0
DA:421,0
LF:83
LH:0
BRDA:312,0,0,0
BRDA:312,0,1,0
BRDA:319,1,0,0
BRDA:319,1,1,0
BRDA:333,2,0,0
BRDA:333,2,1,0
BRDA:344,3,0,0
BRDA:344,3,1,0
BRDA:351,4,0,0
BRDA:351,4,1,0
BRDA:365,5,0,0
BRDA:365,5,1,0
BRDA:366,6,0,0
BRDA:366,6,1,0
BRDA:367,7,0,0
BRDA:367,7,1,0
BRDA:368,8,0,0
BRDA:368,8,1,0
BRDA:369,9,0,0
BRDA:369,9,1,0
BRDA:370,10,0,0
BRDA:370,10,1,0
BRDA:371,11,0,0
BRDA:371,11,1,0
BRDA:376,12,0,0
BRDA:376,12,1,0
BRDA:383,13,0,0
BRDA:383,13,1,0
BRDA:398,14,0,0
BRDA:398,14,1,0
BRDA:407,15,0,0
BRDA:407,15,1,0
BRDA:414,16,0,0
BRDA:414,16,1,0
BRF:34
BRH:0
end_of_record
