TN:
SF:C:\Users\user\Desktop\Testing\Source Code\Frontend\my-project\src\components\AppHeader.vue
FN:10,(anonymous_1)
FNF:1
FNH:1
FNDA:2,(anonymous_1)
DA:11,2
LF:1
LH:1
BRF:0
BRH:0
end_of_record
TN:
SF:C:\Users\user\Desktop\Testing\Source Code\Frontend\my-project\src\components\Signup.vue
FN:59,(anonymous_1)
FN:73,(anonymous_2)
FN:77,(anonymous_3)
FN:82,(anonymous_4)
FN:86,(anonymous_5)
FN:90,(anonymous_6)
FN:99,(anonymous_7)
FN:103,(anonymous_8)
FN:118,(anonymous_9)
FNF:9
FNH:3
FNDA:2,(anonymous_1)
FNDA:2,(anonymous_2)
FNDA:2,(anonymous_3)
FNDA:0,(anonymous_4)
FNDA:0,(anonymous_5)
FNDA:0,(anonymous_6)
FNDA:0,(anonymous_7)
FNDA:0,(anonymous_8)
FNDA:0,(anonymous_9)
DA:51,1
DA:52,1
DA:60,2
DA:74,2
DA:78,2
DA:83,0
DA:84,0
DA:87,0
DA:88,0
DA:91,0
DA:92,0
DA:93,0
DA:94,0
DA:95,0
DA:96,0
DA:97,0
DA:100,0
DA:101,0
DA:102,0
DA:103,0
DA:112,0
DA:113,0
DA:114,0
DA:116,0
DA:120,0
DA:123,0
DA:124,0
DA:125,0
DA:127,0
DA:129,0
DA:132,0
DA:134,0
DA:137,0
LF:33
LH:5
BRDA:78,0,0,2
BRDA:78,0,1,1
BRDA:78,0,2,1
BRDA:78,0,3,1
BRDA:78,0,4,1
BRDA:78,0,5,1
BRDA:78,0,6,1
BRDA:78,0,7,1
BRDA:100,1,0,0
BRDA:100,1,1,0
BRDA:102,2,0,0
BRDA:102,2,1,0
BRDA:102,3,0,0
BRDA:102,3,1,0
BRDA:102,3,2,0
BRDA:102,3,3,0
BRDA:102,3,4,0
BRDA:102,3,5,0
BRDA:102,3,6,0
BRDA:112,4,0,0
BRDA:112,4,1,0
BRDA:120,5,0,0
BRDA:120,5,1,0
BRDA:127,6,0,0
BRDA:127,6,1,0
BRF:25
BRH:8
end_of_record
TN:
SF:C:\Users\user\Desktop\Testing\Source Code\Frontend\my-project\src\components\UserHome.vue
FN:150,(anonymous_1)
FN:172,(anonymous_2)
FN:175,(anonymous_3)
FN:181,(anonymous_4)
FN:186,(anonymous_5)
FN:189,(anonymous_6)
FN:193,(anonymous_7)
FN:195,(anonymous_8)
FN:202,(anonymous_9)
FN:222,(anonymous_10)
FN:235,(anonymous_11)
FN:241,(anonymous_12)
FN:262,(anonymous_13)
FN:263,(anonymous_14)
FN:271,(anonymous_15)
FN:276,(anonymous_16)
FN:278,(anonymous_17)
FN:289,(anonymous_18)
FN:309,(anonymous_19)
FN:311,(anonymous_20)
FN:327,(anonymous_21)
FNF:21
FNH:0
FNDA:0,(anonymous_1)
FNDA:0,(anonymous_2)
FNDA:0,(anonymous_3)
FNDA:0,(anonymous_4)
FNDA:0,(anonymous_5)
FNDA:0,(anonymous_6)
FNDA:0,(anonymous_7)
FNDA:0,(anonymous_8)
FNDA:0,(anonymous_9)
FNDA:0,(anonymous_10)
FNDA:0,(anonymous_11)
FNDA:0,(anonymous_12)
FNDA:0,(anonymous_13)
FNDA:0,(anonymous_14)
FNDA:0,(anonymous_15)
FNDA:0,(anonymous_16)
FNDA:0,(anonymous_17)
FNDA:0,(anonymous_18)
FNDA:0,(anonymous_19)
FNDA:0,(anonymous_20)
FNDA:0,(anonymous_21)
DA:139,0
DA:140,0
DA:141,0
DA:142,0
DA:151,0
DA:173,0
DA:176,0
DA:177,0
DA:178,0
DA:182,0
DA:183,0
DA:184,0
DA:187,0
DA:191,0
DA:194,0
DA:195,0
DA:197,0
DA:198,0
DA:200,0
DA:204,0
DA:205,0
DA:208,0
DA:209,0
DA:210,0
DA:211,0
DA:212,0
DA:214,0
DA:217,0
DA:219,0
DA:223,0
DA:224,0
DA:232,0
DA:233,0
DA:236,0
DA:237,0
DA:238,0
DA:239,0
DA:240,0
DA:241,0
DA:243,0
DA:244,0
DA:246,0
DA:248,0
DA:250,0
DA:254,0
DA:256,0
DA:258,0
DA:263,0
DA:265,0
DA:266,0
DA:267,0
DA:269,0
DA:273,0
DA:277,0
DA:278,0
DA:280,0
DA:281,0
DA:282,0
DA:283,0
DA:284,0
DA:285,0
DA:287,0
DA:291,0
DA:292,0
DA:295,0
DA:296,0
DA:297,0
DA:298,0
DA:299,0
DA:301,0
DA:304,0
DA:306,0
DA:310,0
DA:311,0
DA:320,0
DA:321,0
DA:322,0
DA:324,0
DA:325,0
DA:329,0
DA:332,0
DA:333,0
DA:334,0
DA:335,0
DA:337,0
DA:340,0
DA:342,0
DA:345,0
LF:88
LH:0
BRDA:191,0,0,0
BRDA:191,0,1,0
BRDA:197,1,0,0
BRDA:197,1,1,0
BRDA:205,2,0,0
BRDA:205,2,1,0
BRDA:212,3,0,0
BRDA:212,3,1,0
BRDA:237,4,0,0
BRDA:237,4,1,0
BRDA:243,5,0,0
BRDA:243,5,1,0
BRDA:243,6,0,0
BRDA:243,6,1,0
BRDA:265,7,0,0
BRDA:265,7,1,0
BRDA:280,8,0,0
BRDA:280,8,1,0
BRDA:281,9,0,0
BRDA:281,9,1,0
BRDA:282,10,0,0
BRDA:282,10,1,0
BRDA:283,11,0,0
BRDA:283,11,1,0
BRDA:284,12,0,0
BRDA:284,12,1,0
BRDA:285,13,0,0
BRDA:285,13,1,0
BRDA:292,14,0,0
BRDA:292,14,1,0
BRDA:299,15,0,0
BRDA:299,15,1,0
BRDA:310,16,0,0
BRDA:310,16,1,0
BRDA:310,17,0,0
BRDA:310,17,1,0
BRDA:310,17,2,0
BRDA:310,17,3,0
BRDA:312,18,0,0
BRDA:312,18,1,0
BRDA:313,19,0,0
BRDA:313,19,1,0
BRDA:314,20,0,0
BRDA:314,20,1,0
BRDA:315,21,0,0
BRDA:315,21,1,0
BRDA:316,22,0,0
BRDA:316,22,1,0
BRDA:320,23,0,0
BRDA:320,23,1,0
BRDA:329,24,0,0
BRDA:329,24,1,0
BRDA:335,25,0,0
BRDA:335,25,1,0
BRF:54
BRH:0
end_of_record
TN:
SF:C:\Users\user\Desktop\Testing\Source Code\Frontend\my-project\src\components\aa.vue
FN:9,(anonymous_1)
FN:15,(anonymous_2)
FNF:2
FNH:0
FNDA:0,(anonymous_1)
FNDA:0,(anonymous_2)
DA:10,0
DA:16,0
LF:2
LH:0
BRF:0
BRH:0
end_of_record
